
*** Running vivado
    with args -log design_1_axi_gpio_0_0.vds -m64 -product Vivado -mode batch -messageDb vivado.pb -notrace -source design_1_axi_gpio_0_0.tcl


****** Vivado v2017.1 (64-bit)
  **** SW Build 1846317 on Fri Apr 14 18:54:47 MDT 2017
  **** IP Build 1846188 on Fri Apr 14 20:52:08 MDT 2017
    ** Copyright 1986-2017 Xilinx, Inc. All Rights Reserved.

source design_1_axi_gpio_0_0.tcl -notrace
Starting RTL Elaboration : Time (s): cpu = 00:00:13 ; elapsed = 00:00:14 . Memory (MB): peak = 1198.934 ; gain = 73.996 ; free physical = 138 ; free virtual = 11170
INFO: [Synth 8-638] synthesizing module 'design_1_axi_gpio_0_0' [/home/skoppula/xilinx_projects/zybo_7020_test/matrixmult2/matrixmult2.srcs/sources_1/bd/design_1/ip/design_1_axi_gpio_0_0/synth/design_1_axi_gpio_0_0.vhd:86]
INFO: [Synth 8-638] synthesizing module 'axi_gpio' [/home/skoppula/xilinx_projects/zybo_7020_test/matrixmult2/matrixmult2.srcs/sources_1/bd/design_1/ipshared/3b45/hdl/axi_gpio_v2_0_vh_rfs.vhd:1257]
INFO: [Synth 8-638] synthesizing module 'axi_lite_ipif' [/home/skoppula/xilinx_projects/zybo_7020_test/matrixmult2/matrixmult2.srcs/sources_1/bd/design_1/ipshared/0ba0/hdl/axi_lite_ipif_v3_0_vh_rfs.vhd:2948]
INFO: [Synth 8-638] synthesizing module 'slave_attachment' [/home/skoppula/xilinx_projects/zybo_7020_test/matrixmult2/matrixmult2.srcs/sources_1/bd/design_1/ipshared/0ba0/hdl/axi_lite_ipif_v3_0_vh_rfs.vhd:2341]
INFO: [Synth 8-638] synthesizing module 'address_decoder' [/home/skoppula/xilinx_projects/zybo_7020_test/matrixmult2/matrixmult2.srcs/sources_1/bd/design_1/ipshared/0ba0/hdl/axi_lite_ipif_v3_0_vh_rfs.vhd:1775]
INFO: [Synth 8-638] synthesizing module 'pselect_f' [/home/skoppula/xilinx_projects/zybo_7020_test/matrixmult2/matrixmult2.srcs/sources_1/bd/design_1/ipshared/0ba0/hdl/axi_lite_ipif_v3_0_vh_rfs.vhd:1534]
INFO: [Synth 8-256] done synthesizing module 'pselect_f' (1#1) [/home/skoppula/xilinx_projects/zybo_7020_test/matrixmult2/matrixmult2.srcs/sources_1/bd/design_1/ipshared/0ba0/hdl/axi_lite_ipif_v3_0_vh_rfs.vhd:1534]
INFO: [Synth 8-638] synthesizing module 'pselect_f__parameterized0' [/home/skoppula/xilinx_projects/zybo_7020_test/matrixmult2/matrixmult2.srcs/sources_1/bd/design_1/ipshared/0ba0/hdl/axi_lite_ipif_v3_0_vh_rfs.vhd:1534]
INFO: [Synth 8-256] done synthesizing module 'pselect_f__parameterized0' (1#1) [/home/skoppula/xilinx_projects/zybo_7020_test/matrixmult2/matrixmult2.srcs/sources_1/bd/design_1/ipshared/0ba0/hdl/axi_lite_ipif_v3_0_vh_rfs.vhd:1534]
INFO: [Synth 8-638] synthesizing module 'pselect_f__parameterized1' [/home/skoppula/xilinx_projects/zybo_7020_test/matrixmult2/matrixmult2.srcs/sources_1/bd/design_1/ipshared/0ba0/hdl/axi_lite_ipif_v3_0_vh_rfs.vhd:1534]
INFO: [Synth 8-256] done synthesizing module 'pselect_f__parameterized1' (1#1) [/home/skoppula/xilinx_projects/zybo_7020_test/matrixmult2/matrixmult2.srcs/sources_1/bd/design_1/ipshared/0ba0/hdl/axi_lite_ipif_v3_0_vh_rfs.vhd:1534]
INFO: [Synth 8-638] synthesizing module 'pselect_f__parameterized2' [/home/skoppula/xilinx_projects/zybo_7020_test/matrixmult2/matrixmult2.srcs/sources_1/bd/design_1/ipshared/0ba0/hdl/axi_lite_ipif_v3_0_vh_rfs.vhd:1534]
INFO: [Synth 8-256] done synthesizing module 'pselect_f__parameterized2' (1#1) [/home/skoppula/xilinx_projects/zybo_7020_test/matrixmult2/matrixmult2.srcs/sources_1/bd/design_1/ipshared/0ba0/hdl/axi_lite_ipif_v3_0_vh_rfs.vhd:1534]
INFO: [Synth 8-256] done synthesizing module 'address_decoder' (2#1) [/home/skoppula/xilinx_projects/zybo_7020_test/matrixmult2/matrixmult2.srcs/sources_1/bd/design_1/ipshared/0ba0/hdl/axi_lite_ipif_v3_0_vh_rfs.vhd:1775]
INFO: [Synth 8-256] done synthesizing module 'slave_attachment' (3#1) [/home/skoppula/xilinx_projects/zybo_7020_test/matrixmult2/matrixmult2.srcs/sources_1/bd/design_1/ipshared/0ba0/hdl/axi_lite_ipif_v3_0_vh_rfs.vhd:2341]
INFO: [Synth 8-256] done synthesizing module 'axi_lite_ipif' (4#1) [/home/skoppula/xilinx_projects/zybo_7020_test/matrixmult2/matrixmult2.srcs/sources_1/bd/design_1/ipshared/0ba0/hdl/axi_lite_ipif_v3_0_vh_rfs.vhd:2948]
INFO: [Synth 8-638] synthesizing module 'GPIO_Core' [/home/skoppula/xilinx_projects/zybo_7020_test/matrixmult2/matrixmult2.srcs/sources_1/bd/design_1/ipshared/3b45/hdl/axi_gpio_v2_0_vh_rfs.vhd:177]
INFO: [Synth 8-638] synthesizing module 'cdc_sync' [/home/skoppula/xilinx_projects/zybo_7020_test/matrixmult2/matrixmult2.srcs/sources_1/bd/design_1/ipshared/52cb/hdl/lib_cdc_v1_0_rfs.vhd:106]
INFO: [Synth 8-256] done synthesizing module 'cdc_sync' (5#1) [/home/skoppula/xilinx_projects/zybo_7020_test/matrixmult2/matrixmult2.srcs/sources_1/bd/design_1/ipshared/52cb/hdl/lib_cdc_v1_0_rfs.vhd:106]
INFO: [Synth 8-256] done synthesizing module 'GPIO_Core' (6#1) [/home/skoppula/xilinx_projects/zybo_7020_test/matrixmult2/matrixmult2.srcs/sources_1/bd/design_1/ipshared/3b45/hdl/axi_gpio_v2_0_vh_rfs.vhd:177]
INFO: [Synth 8-256] done synthesizing module 'axi_gpio' (7#1) [/home/skoppula/xilinx_projects/zybo_7020_test/matrixmult2/matrixmult2.srcs/sources_1/bd/design_1/ipshared/3b45/hdl/axi_gpio_v2_0_vh_rfs.vhd:1257]
INFO: [Synth 8-256] done synthesizing module 'design_1_axi_gpio_0_0' (8#1) [/home/skoppula/xilinx_projects/zybo_7020_test/matrixmult2/matrixmult2.srcs/sources_1/bd/design_1/ip/design_1_axi_gpio_0_0/synth/design_1_axi_gpio_0_0.vhd:86]
Finished RTL Elaboration : Time (s): cpu = 00:00:16 ; elapsed = 00:00:17 . Memory (MB): peak = 1241.434 ; gain = 116.496 ; free physical = 168 ; free virtual = 11125
Finished RTL Optimization Phase 1 : Time (s): cpu = 00:00:16 ; elapsed = 00:00:18 . Memory (MB): peak = 1241.434 ; gain = 116.496 ; free physical = 154 ; free virtual = 11110
INFO: [Device 21-403] Loading part xc7z020clg400-1
Constraint Validation Runtime : Time (s): cpu = 00:00:00.07 ; elapsed = 00:00:00.09 . Memory (MB): peak = 1610.246 ; gain = 0.000 ; free physical = 183 ; free virtual = 10186
Finished Constraint Validation : Time (s): cpu = 00:00:48 ; elapsed = 00:01:04 . Memory (MB): peak = 1610.246 ; gain = 485.309 ; free physical = 184 ; free virtual = 10198
Finished Loading Part and Timing Information : Time (s): cpu = 00:00:48 ; elapsed = 00:01:04 . Memory (MB): peak = 1610.246 ; gain = 485.309 ; free physical = 186 ; free virtual = 10200
Finished applying 'set_property' XDC Constraints : Time (s): cpu = 00:00:48 ; elapsed = 00:01:04 . Memory (MB): peak = 1610.246 ; gain = 485.309 ; free physical = 193 ; free virtual = 10207
Finished RTL Optimization Phase 2 : Time (s): cpu = 00:00:49 ; elapsed = 00:01:05 . Memory (MB): peak = 1610.246 ; gain = 485.309 ; free physical = 135 ; free virtual = 10151
Finished Cross Boundary and Area Optimization : Time (s): cpu = 00:00:50 ; elapsed = 00:01:07 . Memory (MB): peak = 1610.246 ; gain = 485.309 ; free physical = 141 ; free virtual = 10116
Finished Applying XDC Timing Constraints : Time (s): cpu = 00:01:14 ; elapsed = 00:01:38 . Memory (MB): peak = 1610.246 ; gain = 485.309 ; free physical = 190 ; free virtual = 9895
Finished Timing Optimization : Time (s): cpu = 00:01:14 ; elapsed = 00:01:39 . Memory (MB): peak = 1610.246 ; gain = 485.309 ; free physical = 182 ; free virtual = 9886
Finished Technology Mapping : Time (s): cpu = 00:01:15 ; elapsed = 00:01:39 . Memory (MB): peak = 1610.246 ; gain = 485.309 ; free physical = 168 ; free virtual = 9872
Finished IO Insertion : Time (s): cpu = 00:01:16 ; elapsed = 00:01:40 . Memory (MB): peak = 1610.246 ; gain = 485.309 ; free physical = 169 ; free virtual = 9868
Finished Renaming Generated Instances : Time (s): cpu = 00:01:16 ; elapsed = 00:01:40 . Memory (MB): peak = 1610.246 ; gain = 485.309 ; free physical = 169 ; free virtual = 9869
Finished Rebuilding User Hierarchy : Time (s): cpu = 00:01:16 ; elapsed = 00:01:40 . Memory (MB): peak = 1610.246 ; gain = 485.309 ; free physical = 168 ; free virtual = 9868
Finished Renaming Generated Ports : Time (s): cpu = 00:01:16 ; elapsed = 00:01:40 . Memory (MB): peak = 1610.246 ; gain = 485.309 ; free physical = 168 ; free virtual = 9868
Finished Handling Custom Attributes : Time (s): cpu = 00:01:16 ; elapsed = 00:01:40 . Memory (MB): peak = 1610.246 ; gain = 485.309 ; free physical = 167 ; free virtual = 9867
Finished Renaming Generated Nets : Time (s): cpu = 00:01:16 ; elapsed = 00:01:40 . Memory (MB): peak = 1610.246 ; gain = 485.309 ; free physical = 167 ; free virtual = 9867

Report Cell Usage: 
+------+-----+------+
|      |Cell |Count |
+------+-----+------+
|1     |LUT1 |     2|
|2     |LUT2 |     6|
|3     |LUT3 |     4|
|4     |LUT4 |     7|
|5     |LUT5 |    13|
|6     |LUT6 |     7|
|7     |FDR  |    16|
|8     |FDRE |    41|
|9     |FDSE |     4|
+------+-----+------+
Finished Writing Synthesis Report : Time (s): cpu = 00:01:16 ; elapsed = 00:01:40 . Memory (MB): peak = 1610.246 ; gain = 485.309 ; free physical = 166 ; free virtual = 9866
synth_design: Time (s): cpu = 00:01:19 ; elapsed = 00:01:44 . Memory (MB): peak = 1610.254 ; gain = 497.902 ; free physical = 212 ; free virtual = 9807
