
*** Running vivado
    with args -log design_1_axi_gpio_0_0.vds -m64 -product Vivado -mode batch -messageDb vivado.pb -notrace -source design_1_axi_gpio_0_0.tcl


****** Vivado v2017.1 (64-bit)
  **** SW Build 1846317 on Fri Apr 14 18:54:47 MDT 2017
  **** IP Build 1846188 on Fri Apr 14 20:52:08 MDT 2017
    ** Copyright 1986-2017 Xilinx, Inc. All Rights Reserved.

Sourcing tcl script '/home/skoppula/.Xilinx/Vivado/Vivado_init.tcl'
source design_1_axi_gpio_0_0.tcl -notrace
Starting RTL Elaboration : Time (s): cpu = 00:00:03 ; elapsed = 00:00:03 . Memory (MB): peak = 1221.836 ; gain = 74.996 ; free physical = 9366 ; free virtual = 28791
INFO: [Synth 8-638] synthesizing module 'design_1_axi_gpio_0_0' [/home/skoppula/xilinx-projects/speaker-id-fpga-hw/matrixmult3/matrixmult3.srcs/sources_1/bd/design_1/ip/design_1_axi_gpio_0_0/synth/design_1_axi_gpio_0_0.vhd:86]
INFO: [Synth 8-638] synthesizing module 'axi_gpio' [/home/skoppula/xilinx-projects/speaker-id-fpga-hw/matrixmult3/matrixmult3.srcs/sources_1/bd/design_1/ipshared/3b45/hdl/axi_gpio_v2_0_vh_rfs.vhd:1257]
INFO: [Synth 8-638] synthesizing module 'axi_lite_ipif' [/home/skoppula/xilinx-projects/speaker-id-fpga-hw/matrixmult3/matrixmult3.srcs/sources_1/bd/design_1/ipshared/0ba0/hdl/axi_lite_ipif_v3_0_vh_rfs.vhd:2948]
INFO: [Synth 8-638] synthesizing module 'slave_attachment' [/home/skoppula/xilinx-projects/speaker-id-fpga-hw/matrixmult3/matrixmult3.srcs/sources_1/bd/design_1/ipshared/0ba0/hdl/axi_lite_ipif_v3_0_vh_rfs.vhd:2341]
INFO: [Synth 8-638] synthesizing module 'address_decoder' [/home/skoppula/xilinx-projects/speaker-id-fpga-hw/matrixmult3/matrixmult3.srcs/sources_1/bd/design_1/ipshared/0ba0/hdl/axi_lite_ipif_v3_0_vh_rfs.vhd:1775]
INFO: [Synth 8-638] synthesizing module 'pselect_f' [/home/skoppula/xilinx-projects/speaker-id-fpga-hw/matrixmult3/matrixmult3.srcs/sources_1/bd/design_1/ipshared/0ba0/hdl/axi_lite_ipif_v3_0_vh_rfs.vhd:1534]
INFO: [Synth 8-256] done synthesizing module 'pselect_f' (1#1) [/home/skoppula/xilinx-projects/speaker-id-fpga-hw/matrixmult3/matrixmult3.srcs/sources_1/bd/design_1/ipshared/0ba0/hdl/axi_lite_ipif_v3_0_vh_rfs.vhd:1534]
INFO: [Synth 8-638] synthesizing module 'pselect_f__parameterized0' [/home/skoppula/xilinx-projects/speaker-id-fpga-hw/matrixmult3/matrixmult3.srcs/sources_1/bd/design_1/ipshared/0ba0/hdl/axi_lite_ipif_v3_0_vh_rfs.vhd:1534]
INFO: [Synth 8-256] done synthesizing module 'pselect_f__parameterized0' (1#1) [/home/skoppula/xilinx-projects/speaker-id-fpga-hw/matrixmult3/matrixmult3.srcs/sources_1/bd/design_1/ipshared/0ba0/hdl/axi_lite_ipif_v3_0_vh_rfs.vhd:1534]
INFO: [Synth 8-638] synthesizing module 'pselect_f__parameterized1' [/home/skoppula/xilinx-projects/speaker-id-fpga-hw/matrixmult3/matrixmult3.srcs/sources_1/bd/design_1/ipshared/0ba0/hdl/axi_lite_ipif_v3_0_vh_rfs.vhd:1534]
INFO: [Synth 8-256] done synthesizing module 'pselect_f__parameterized1' (1#1) [/home/skoppula/xilinx-projects/speaker-id-fpga-hw/matrixmult3/matrixmult3.srcs/sources_1/bd/design_1/ipshared/0ba0/hdl/axi_lite_ipif_v3_0_vh_rfs.vhd:1534]
INFO: [Synth 8-638] synthesizing module 'pselect_f__parameterized2' [/home/skoppula/xilinx-projects/speaker-id-fpga-hw/matrixmult3/matrixmult3.srcs/sources_1/bd/design_1/ipshared/0ba0/hdl/axi_lite_ipif_v3_0_vh_rfs.vhd:1534]
INFO: [Synth 8-256] done synthesizing module 'pselect_f__parameterized2' (1#1) [/home/skoppula/xilinx-projects/speaker-id-fpga-hw/matrixmult3/matrixmult3.srcs/sources_1/bd/design_1/ipshared/0ba0/hdl/axi_lite_ipif_v3_0_vh_rfs.vhd:1534]
INFO: [Synth 8-256] done synthesizing module 'address_decoder' (2#1) [/home/skoppula/xilinx-projects/speaker-id-fpga-hw/matrixmult3/matrixmult3.srcs/sources_1/bd/design_1/ipshared/0ba0/hdl/axi_lite_ipif_v3_0_vh_rfs.vhd:1775]
INFO: [Synth 8-256] done synthesizing module 'slave_attachment' (3#1) [/home/skoppula/xilinx-projects/speaker-id-fpga-hw/matrixmult3/matrixmult3.srcs/sources_1/bd/design_1/ipshared/0ba0/hdl/axi_lite_ipif_v3_0_vh_rfs.vhd:2341]
INFO: [Synth 8-256] done synthesizing module 'axi_lite_ipif' (4#1) [/home/skoppula/xilinx-projects/speaker-id-fpga-hw/matrixmult3/matrixmult3.srcs/sources_1/bd/design_1/ipshared/0ba0/hdl/axi_lite_ipif_v3_0_vh_rfs.vhd:2948]
INFO: [Synth 8-638] synthesizing module 'GPIO_Core' [/home/skoppula/xilinx-projects/speaker-id-fpga-hw/matrixmult3/matrixmult3.srcs/sources_1/bd/design_1/ipshared/3b45/hdl/axi_gpio_v2_0_vh_rfs.vhd:177]
INFO: [Synth 8-638] synthesizing module 'cdc_sync' [/home/skoppula/xilinx-projects/speaker-id-fpga-hw/matrixmult3/matrixmult3.srcs/sources_1/bd/design_1/ipshared/52cb/hdl/lib_cdc_v1_0_rfs.vhd:106]
INFO: [Synth 8-256] done synthesizing module 'cdc_sync' (5#1) [/home/skoppula/xilinx-projects/speaker-id-fpga-hw/matrixmult3/matrixmult3.srcs/sources_1/bd/design_1/ipshared/52cb/hdl/lib_cdc_v1_0_rfs.vhd:106]
INFO: [Synth 8-256] done synthesizing module 'GPIO_Core' (6#1) [/home/skoppula/xilinx-projects/speaker-id-fpga-hw/matrixmult3/matrixmult3.srcs/sources_1/bd/design_1/ipshared/3b45/hdl/axi_gpio_v2_0_vh_rfs.vhd:177]
INFO: [Synth 8-256] done synthesizing module 'axi_gpio' (7#1) [/home/skoppula/xilinx-projects/speaker-id-fpga-hw/matrixmult3/matrixmult3.srcs/sources_1/bd/design_1/ipshared/3b45/hdl/axi_gpio_v2_0_vh_rfs.vhd:1257]
INFO: [Synth 8-256] done synthesizing module 'design_1_axi_gpio_0_0' (8#1) [/home/skoppula/xilinx-projects/speaker-id-fpga-hw/matrixmult3/matrixmult3.srcs/sources_1/bd/design_1/ip/design_1_axi_gpio_0_0/synth/design_1_axi_gpio_0_0.vhd:86]
Finished RTL Elaboration : Time (s): cpu = 00:00:04 ; elapsed = 00:00:04 . Memory (MB): peak = 1264.336 ; gain = 117.496 ; free physical = 9306 ; free virtual = 28732
Finished RTL Optimization Phase 1 : Time (s): cpu = 00:00:04 ; elapsed = 00:00:04 . Memory (MB): peak = 1264.336 ; gain = 117.496 ; free physical = 9294 ; free virtual = 28720
INFO: [Device 21-403] Loading part xc7z020clg400-1
Constraint Validation Runtime : Time (s): cpu = 00:00:00.03 ; elapsed = 00:00:00.02 . Memory (MB): peak = 1666.180 ; gain = 0.000 ; free physical = 8622 ; free virtual = 28045
Finished Constraint Validation : Time (s): cpu = 00:00:14 ; elapsed = 00:00:14 . Memory (MB): peak = 1666.180 ; gain = 519.340 ; free physical = 8716 ; free virtual = 28145
Finished Loading Part and Timing Information : Time (s): cpu = 00:00:14 ; elapsed = 00:00:14 . Memory (MB): peak = 1666.180 ; gain = 519.340 ; free physical = 8716 ; free virtual = 28145
Finished applying 'set_property' XDC Constraints : Time (s): cpu = 00:00:14 ; elapsed = 00:00:14 . Memory (MB): peak = 1666.180 ; gain = 519.340 ; free physical = 8718 ; free virtual = 28147
Finished RTL Optimization Phase 2 : Time (s): cpu = 00:00:14 ; elapsed = 00:00:15 . Memory (MB): peak = 1666.180 ; gain = 519.340 ; free physical = 8709 ; free virtual = 28135
Finished Cross Boundary and Area Optimization : Time (s): cpu = 00:00:15 ; elapsed = 00:00:15 . Memory (MB): peak = 1666.180 ; gain = 519.340 ; free physical = 8694 ; free virtual = 28120
Finished Applying XDC Timing Constraints : Time (s): cpu = 00:00:22 ; elapsed = 00:00:23 . Memory (MB): peak = 1666.180 ; gain = 519.340 ; free physical = 8425 ; free virtual = 27852
Finished Timing Optimization : Time (s): cpu = 00:00:22 ; elapsed = 00:00:23 . Memory (MB): peak = 1666.180 ; gain = 519.340 ; free physical = 8402 ; free virtual = 27829
Finished Technology Mapping : Time (s): cpu = 00:00:22 ; elapsed = 00:00:23 . Memory (MB): peak = 1666.180 ; gain = 519.340 ; free physical = 8398 ; free virtual = 27826
Finished IO Insertion : Time (s): cpu = 00:00:23 ; elapsed = 00:00:23 . Memory (MB): peak = 1666.180 ; gain = 519.340 ; free physical = 8400 ; free virtual = 27828
Finished Renaming Generated Instances : Time (s): cpu = 00:00:23 ; elapsed = 00:00:23 . Memory (MB): peak = 1666.180 ; gain = 519.340 ; free physical = 8399 ; free virtual = 27827
Finished Rebuilding User Hierarchy : Time (s): cpu = 00:00:23 ; elapsed = 00:00:23 . Memory (MB): peak = 1666.180 ; gain = 519.340 ; free physical = 8406 ; free virtual = 27833
Finished Renaming Generated Ports : Time (s): cpu = 00:00:23 ; elapsed = 00:00:23 . Memory (MB): peak = 1666.180 ; gain = 519.340 ; free physical = 8406 ; free virtual = 27833
Finished Handling Custom Attributes : Time (s): cpu = 00:00:23 ; elapsed = 00:00:23 . Memory (MB): peak = 1666.180 ; gain = 519.340 ; free physical = 8411 ; free virtual = 27839
Finished Renaming Generated Nets : Time (s): cpu = 00:00:23 ; elapsed = 00:00:23 . Memory (MB): peak = 1666.180 ; gain = 519.340 ; free physical = 8411 ; free virtual = 27839

Report Cell Usage: 
+------+-----+------+
|      |Cell |Count |
+------+-----+------+
|1     |LUT1 |     2|
|2     |LUT2 |     6|
|3     |LUT3 |     4|
|4     |LUT4 |     7|
|5     |LUT5 |    13|
|6     |LUT6 |     7|
|7     |FDR  |    16|
|8     |FDRE |    41|
|9     |FDSE |     4|
+------+-----+------+
Finished Writing Synthesis Report : Time (s): cpu = 00:00:23 ; elapsed = 00:00:23 . Memory (MB): peak = 1666.180 ; gain = 519.340 ; free physical = 8410 ; free virtual = 27838
synth_design: Time (s): cpu = 00:00:24 ; elapsed = 00:00:24 . Memory (MB): peak = 1666.180 ; gain = 531.926 ; free physical = 8470 ; free virtual = 27898
