19:44:17 INFO  : Registering command handlers for SDK TCF services
19:44:19 INFO  : Launching XSCT server: xsct -n -interactive /home/skoppula/xilinx-projects/speaker-id-fpga-hw/matrixmult3/matrixmult3.sdk/temp_xsdb_launch_script.tcl
19:44:20 INFO  : XSCT server has started successfully.
19:44:20 INFO  : Successfully done setting XSCT server connection channel  
19:44:20 INFO  : Successfully done setting SDK workspace  
19:44:20 INFO  : Processing command line option -hwspec /home/skoppula/xilinx-projects/speaker-id-fpga-hw/matrixmult3/matrixmult3.sdk/design_1_wrapper.hdf.
19:46:21 INFO  : Connected to target on host '127.0.0.1' and port '3121'.
19:46:21 INFO  : 'targets -set -filter {jtag_cable_name =~ "Digilent Zybo Z7 210351A6CAC6A" && level==0} -index 1' command is executed.
19:46:24 INFO  : FPGA configured successfully with bitstream "/home/skoppula/xilinx-projects/speaker-id-fpga-hw/matrixmult3/matrixmult3.sdk/design_1_wrapper_hw_platform_0/design_1_wrapper.bit"
19:46:46 INFO  : ps7_init is completed.
19:46:47 INFO  : ps7_post_config is completed.
19:46:47 INFO  : Processor reset is completed for ps7_cortexa9_0
23:46:48 ERROR : Unexpected error while parsing XMD response ￿: com.google.gson.JsonSyntaxException: com.google.gson.stream.MalformedJsonException: invalid number or unquoted string near 
10:32:54 INFO  : Registering command handlers for SDK TCF services
10:32:54 INFO  : Launching XSCT server: xsct -n -interactive /home/skoppula/xilinx-projects/speaker-id-fpga-hw/matrixmult3/matrixmult3.sdk/temp_xsdb_launch_script.tcl
10:32:55 INFO  : XSCT server has started successfully.
10:32:55 INFO  : Successfully done setting XSCT server connection channel  
10:32:55 INFO  : Successfully done setting SDK workspace  
10:32:55 INFO  : Processing command line option -hwspec /home/skoppula/xilinx-projects/speaker-id-fpga-hw/matrixmult3/matrixmult3.sdk/design_1_wrapper.hdf.
10:32:56 INFO  : Checking for hwspec changes in the project design_1_wrapper_hw_platform_0.
12:22:07 INFO  : Connected to target on host '127.0.0.1' and port '3121'.
12:22:07 INFO  : 'targets -set -filter {jtag_cable_name =~ "Digilent Zybo Z7 210351A6CAC6A" && level==0} -index 1' command is executed.
12:22:11 INFO  : FPGA configured successfully with bitstream "/home/skoppula/xilinx-projects/speaker-id-fpga-hw/matrixmult3/matrixmult3.sdk/design_1_wrapper_hw_platform_0/design_1_wrapper.bit"
12:23:18 INFO  : ps7_init is completed.
12:23:18 INFO  : ps7_post_config is completed.
12:23:19 INFO  : Processor reset is completed for ps7_cortexa9_0
12:24:01 INFO  : Processor reset is completed for ps7_cortexa9_0
12:33:42 INFO  : Processor reset is completed for ps7_cortexa9_0
