12:33:34 **** Incremental Build of configuration Release for project speakeridui ****
make pre-build main-build 
a9-linaro-pre-build-step
 
make: Nothing to be done for 'main-build'.
12:33:38 **** Incremental Build of configuration Debug for project dramtest ****
make pre-build main-build 
a9-linaro-pre-build-step
 
make: Nothing to be done for 'main-build'.
12:33:39 **** Incremental Build of configuration Release for project leduarttest ****
make pre-build main-build 
a9-linaro-pre-build-step
 
make: Nothing to be done for 'main-build'.
12:33:40 **** Incremental Build of configuration Release for project speakeridui ****
make pre-build main-build 
a9-linaro-pre-build-step
 
make: Nothing to be done for 'main-build'.
12:33:41 **** Incremental Build of configuration Debug for project stltest2 ****
make pre-build main-build 
a9-linaro-pre-build-step
 
make: Nothing to be done for 'main-build'.
